TN:
SF:/home/atohs/C/CUtils/lib/Thread/BackGroundTask.c
FN:13,FinishWork
FN:18,Setup
FN:26,Exit
FN:34,DoWork
FN:44,ControlThread
FN:54,BackGroundTask_Init
FN:66,BackGroundTask_Run
FN:79,BackGroundTask_ReportsProgress
FN:85,BackGroundTask_IsRunning
FN:89,BackGroundTask_Abort
FN:95,BackGroundTask_Cancel
FN:99,BackGroundTask_Dispose
FNDA:5,ControlThread
FNDA:0,BackGroundTask_IsRunning
FNDA:5,DoWork
FNDA:5,Setup
FNDA:5,BackGroundTask_ReportsProgress
FNDA:5,BackGroundTask_Dispose
FNDA:5,BackGroundTask_Init
FNDA:1,BackGroundTask_Abort
FNDA:4,FinishWork
FNDA:5,BackGroundTask_Run
FNDA:1,Exit
FNDA:1,BackGroundTask_Cancel
FNF:12
FNH:11
DA:13,4
DA:14,4
DA:15,4
DA:16,4
DA:18,5
DA:19,5
DA:20,0
DA:22,5
DA:23,5
DA:24,5
DA:26,1
DA:27,1
DA:28,1
DA:29,1
DA:30,1
DA:31,1
DA:32,1
DA:34,5
DA:36,5
DA:37,5
DA:38,5
DA:39,5
DA:40,4
DA:41,4
DA:42,4
DA:44,5
DA:45,5
DA:46,5
DA:47,5
DA:48,4
DA:49,4
DA:50,4
DA:51,4
DA:54,5
DA:55,5
DA:56,0
DA:58,5
DA:59,0
DA:61,5
DA:62,5
DA:63,5
DA:66,5
DA:67,5
DA:68,5
DA:69,0
DA:70,0
DA:72,5
DA:73,5
DA:74,0
DA:76,5
DA:79,5
DA:80,5
DA:81,5
DA:82,5
DA:83,5
DA:85,0
DA:86,0
DA:89,1
DA:90,1
DA:91,1
DA:93,1
DA:95,1
DA:96,1
DA:97,1
DA:99,5
DA:100,5
DA:101,5
LF:67
LH:59
end_of_record
TN:
SF:/home/atohs/C/CUtils/lib/Thread/ThreadPool.c
FN:35,WaitForNewTask
FN:49,_ExitWorker
FN:54,StopWorkers
FN:62,WorkerThread
FN:74,WaitForWorkersExited
FN:83,AbortWorkers
FN:87,GetHardwareConcurrency
FN:93,ThreadPool_Init
FN:114,ThreadPool_Push
FN:125,ThreadPool_PushTasks
FN:138,ThreadPool_Destroy
FN:152,ThreadPool_GetNumTasks
FNDA:7,ThreadPool_Push
FNDA:3,WaitForWorkersExited
FNDA:3,StopWorkers
FNDA:0,ThreadPool_GetNumTasks
FNDA:3,ThreadPool_Init
FNDA:67,WaitForNewTask
FNDA:1,ThreadPool_PushTasks
FNDA:60,_ExitWorker
FNDA:3,GetHardwareConcurrency
FNDA:60,WorkerThread
FNDA:3,ThreadPool_Destroy
FNDA:0,AbortWorkers
FNF:12
FNH:10
DA:35,124
DA:38,124
DA:39,124
DA:40,124
DA:41,124
DA:42,67
DA:44,57
DA:46,67
DA:49,60
DA:51,60
DA:52,0
DA:54,3
DA:55,63
DA:56,60
DA:57,60
DA:58,60
DA:60,3
DA:62,60
DA:63,60
DA:64,7
DA:65,67
DA:66,67
DA:67,67
DA:68,7
DA:74,3
DA:75,63
DA:76,60
DA:77,60
DA:78,60
DA:81,3
DA:83,0
DA:84,0
DA:85,0
DA:87,3
DA:89,3
DA:90,3
DA:93,3
DA:94,3
DA:96,3
DA:97,3
DA:98,0
DA:100,3
DA:103,3
DA:104,3
DA:106,3
DA:107,63
DA:109,60
DA:110,60
DA:114,7
DA:115,7
DA:116,7
DA:117,7
DA:118,7
DA:119,7
DA:120,7
DA:121,7
DA:122,7
DA:125,1
DA:126,1
DA:127,1
DA:128,1
DA:130,4
DA:131,3
DA:132,0
DA:135,1
DA:138,3
DA:139,3
DA:140,3
DA:141,3
DA:143,0
DA:145,3
DA:146,3
DA:147,3
DA:148,3
DA:149,3
DA:152,0
DA:153,0
DA:154,0
DA:155,0
DA:156,0
DA:157,0
LF:81
LH:68
end_of_record
TN:
SF:/home/atohs/C/CUtils/tests/Thread/BackGroundTaskTest.h
FN:16,_ZN18BackGroundTaskTest6workerEP14BackGroundTaskPv
FN:19,_ZN18BackGroundTaskTest9completedEP14BackGroundTask20BackGroundTaskStatus
FN:26,_ZN18BackGroundTaskTest15progressChangedEP14BackGroundTaski
FN:34,_ZN18BackGroundTaskTest5SetUpEv
FN:38,_ZN18BackGroundTaskTest8TearDownEv
FN:50,_ZN18BackGroundTaskTest4WaitEv
FN:58,_ZN36BackGroundTaskTest_NormalFinish_Test8TestBodyEv
FN:58,_ZN36BackGroundTaskTest_NormalFinish_TestD0Ev
FN:58,_ZN36BackGroundTaskTest_NormalFinish_TestC2Ev
FN:58,_ZN36BackGroundTaskTest_NormalFinish_TestD2Ev
FN:59,_ZZN36BackGroundTaskTest_NormalFinish_Test8TestBodyEvENKUlP14BackGroundTaskPvE_clES1_S2_
FN:70,_ZN38BackGroundTaskTest_ProgressReport_TestD0Ev
FN:70,_ZN38BackGroundTaskTest_ProgressReport_TestD2Ev
FN:70,_ZN38BackGroundTaskTest_ProgressReport_Test8TestBodyEv
FN:70,_ZN38BackGroundTaskTest_ProgressReport_TestC2Ev
FN:71,_ZZN38BackGroundTaskTest_ProgressReport_Test8TestBodyEvENKUlP14BackGroundTaskPvE_clES1_S2_
FN:92,_ZN29BackGroundTaskTest_setup_TestD2Ev
FN:92,_ZN29BackGroundTaskTest_setup_Test8TestBodyEv
FN:92,_ZN29BackGroundTaskTest_setup_TestD0Ev
FN:92,_ZN29BackGroundTaskTest_setup_TestC2Ev
FN:93,_ZZN29BackGroundTaskTest_setup_Test8TestBodyEvENKUlP14BackGroundTaskPvE_clES1_S2_
FN:99,_ZZN29BackGroundTaskTest_setup_Test8TestBodyEvENKUlP14BackGroundTaskE0_clES1_
FN:113,_ZN40BackGroundTaskTest_WorkCancellation_TestD0Ev
FN:113,_ZN40BackGroundTaskTest_WorkCancellation_TestC2Ev
FN:113,_ZN40BackGroundTaskTest_WorkCancellation_Test8TestBodyEv
FN:113,_ZN40BackGroundTaskTest_WorkCancellation_TestD2Ev
FN:114,_ZZN40BackGroundTaskTest_WorkCancellation_Test8TestBodyEvENKUlP14BackGroundTaskPvE_clES1_S2_
FN:128,_ZN33BackGroundTaskTest_AbortTask_Test8TestBodyEv
FN:128,_ZN33BackGroundTaskTest_AbortTask_TestC2Ev
FN:128,_ZN33BackGroundTaskTest_AbortTask_TestD0Ev
FN:128,_ZN33BackGroundTaskTest_AbortTask_TestD2Ev
FN:129,_ZZN33BackGroundTaskTest_AbortTask_Test8TestBodyEvENKUlP14BackGroundTaskPvE_clES1_S2_
FNDA:5,_ZN18BackGroundTaskTest9completedEP14BackGroundTask20BackGroundTaskStatus
FNDA:1,_ZZN40BackGroundTaskTest_WorkCancellation_Test8TestBodyEvENKUlP14BackGroundTaskPvE_clES1_S2_
FNDA:1,_ZN40BackGroundTaskTest_WorkCancellation_Test8TestBodyEv
FNDA:1,_ZN38BackGroundTaskTest_ProgressReport_TestC2Ev
FNDA:1,_ZN40BackGroundTaskTest_WorkCancellation_TestD0Ev
FNDA:1,_ZN40BackGroundTaskTest_WorkCancellation_TestC2Ev
FNDA:1,_ZZN38BackGroundTaskTest_ProgressReport_Test8TestBodyEvENKUlP14BackGroundTaskPvE_clES1_S2_
FNDA:1,_ZZN29BackGroundTaskTest_setup_Test8TestBodyEvENKUlP14BackGroundTaskPvE_clES1_S2_
FNDA:1,_ZN29BackGroundTaskTest_setup_TestC2Ev
FNDA:1,_ZN29BackGroundTaskTest_setup_TestD0Ev
FNDA:1,_ZN40BackGroundTaskTest_WorkCancellation_TestD2Ev
FNDA:11,_ZN18BackGroundTaskTest4WaitEv
FNDA:1,_ZN29BackGroundTaskTest_setup_Test8TestBodyEv
FNDA:5,_ZN18BackGroundTaskTest8TearDownEv
FNDA:1,_ZN38BackGroundTaskTest_ProgressReport_Test8TestBodyEv
FNDA:1,_ZZN33BackGroundTaskTest_AbortTask_Test8TestBodyEvENKUlP14BackGroundTaskPvE_clES1_S2_
FNDA:1,_ZN33BackGroundTaskTest_AbortTask_TestD2Ev
FNDA:1,_ZN29BackGroundTaskTest_setup_TestD2Ev
FNDA:1,_ZN36BackGroundTaskTest_NormalFinish_TestD2Ev
FNDA:1,_ZN36BackGroundTaskTest_NormalFinish_TestC2Ev
FNDA:1,_ZZN29BackGroundTaskTest_setup_Test8TestBodyEvENKUlP14BackGroundTaskE0_clES1_
FNDA:0,_ZN18BackGroundTaskTest6workerEP14BackGroundTaskPv
FNDA:1,_ZN36BackGroundTaskTest_NormalFinish_TestD0Ev
FNDA:1,_ZN38BackGroundTaskTest_ProgressReport_TestD0Ev
FNDA:1,_ZN33BackGroundTaskTest_AbortTask_TestC2Ev
FNDA:1,_ZZN36BackGroundTaskTest_NormalFinish_Test8TestBodyEvENKUlP14BackGroundTaskPvE_clES1_S2_
FNDA:1,_ZN33BackGroundTaskTest_AbortTask_Test8TestBodyEv
FNDA:5,_ZN18BackGroundTaskTest15progressChangedEP14BackGroundTaski
FNDA:1,_ZN38BackGroundTaskTest_ProgressReport_TestD2Ev
FNDA:1,_ZN33BackGroundTaskTest_AbortTask_TestD0Ev
FNDA:5,_ZN18BackGroundTaskTest5SetUpEv
FNDA:1,_ZN36BackGroundTaskTest_NormalFinish_Test8TestBodyEv
FNF:32
FNH:31
DA:16,0
DA:17,0
DA:19,5
DA:22,5
DA:23,5
DA:24,5
DA:25,5
DA:26,5
DA:29,5
DA:30,5
DA:31,5
DA:32,5
DA:34,5
DA:35,5
DA:36,5
DA:37,5
DA:38,5
DA:39,5
DA:40,5
DA:50,11
DA:52,11
DA:53,11
DA:54,11
DA:55,11
DA:58,4
DA:59,2
DA:60,1
DA:61,1
DA:62,1
DA:63,1
DA:64,1
DA:66,1
DA:67,1
DA:68,1
DA:70,4
DA:71,2
DA:72,1
DA:73,1
DA:74,6
DA:75,5
DA:76,5
DA:78,1
DA:79,1
DA:80,1
DA:81,1
DA:82,1
DA:83,6
DA:84,5
DA:85,5
DA:87,1
DA:88,1
DA:89,1
DA:92,4
DA:93,2
DA:94,1
DA:95,1
DA:96,1
DA:98,1
DA:99,2
DA:101,1
DA:102,1
DA:103,1
DA:104,1
DA:105,2
DA:106,1
DA:107,1
DA:108,1
DA:109,1
DA:110,1
DA:113,4
DA:114,2
DA:115,1
DA:116,0
DA:119,1
DA:120,1
DA:121,1
DA:122,1
DA:123,1
DA:124,1
DA:125,1
DA:126,1
DA:128,4
DA:129,2
DA:130,2
DA:131,2
DA:133,0
DA:134,1
DA:135,1
DA:136,1
DA:137,1
DA:138,1
DA:139,1
DA:140,1
DA:141,1
LF:94
LH:90
end_of_record
TN:
SF:/home/atohs/C/CUtils/tests/Thread/ThreadPoolTest.h
FN:14,_ZN14ThreadPoolTest5SetUpEv
FN:17,_ZN14ThreadPoolTest8TearDownEv
FN:21,_ZN14ThreadPoolTest4PushEPK16ThreadPoolTask_t
FN:24,_ZN14ThreadPoolTest9PushTasksEPPK16ThreadPoolTask_tm
FN:27,_ZN14ThreadPoolTest7DestroyEb
FN:33,_ZN24ThreadPoolTest_Push_TestD0Ev
FN:33,_ZN24ThreadPoolTest_Push_TestD2Ev
FN:33,_ZN24ThreadPoolTest_Push_TestC2Ev
FN:33,_ZN24ThreadPoolTest_Push_Test8TestBodyEv
FN:38,_ZZN24ThreadPoolTest_Push_Test8TestBodyEvENKUlPvE_clES0_
FN:51,_ZN29ThreadPoolTest_PushTasks_TestC2Ev
FN:51,_ZN29ThreadPoolTest_PushTasks_TestD0Ev
FN:51,_ZN29ThreadPoolTest_PushTasks_TestD2Ev
FN:51,_ZN29ThreadPoolTest_PushTasks_Test8TestBodyEv
FN:56,_ZZN29ThreadPoolTest_PushTasks_Test8TestBodyEvENKUlPvE_clES0_
FN:59,_ZZN29ThreadPoolTest_PushTasks_Test8TestBodyEvENKUlPvE0_clES0_
FN:62,_ZZN29ThreadPoolTest_PushTasks_Test8TestBodyEvENKUlPvE1_clES0_
FN:74,_ZN35ThreadPoolTest_HeavyProcessing_TestD2Ev
FN:74,_ZN35ThreadPoolTest_HeavyProcessing_TestC2Ev
FN:74,_ZN35ThreadPoolTest_HeavyProcessing_TestD0Ev
FN:74,_ZN35ThreadPoolTest_HeavyProcessing_Test8TestBodyEv
FN:79,_ZZN35ThreadPoolTest_HeavyProcessing_Test8TestBodyEvENKUlPvE_clES0_
FN:83,_ZZN35ThreadPoolTest_HeavyProcessing_Test8TestBodyEvENKUlPvE0_clES0_
FN:87,_ZZN35ThreadPoolTest_HeavyProcessing_Test8TestBodyEvENKUlPvE1_clES0_
FNDA:1,_ZZN29ThreadPoolTest_PushTasks_Test8TestBodyEvENKUlPvE1_clES0_
FNDA:1,_ZN29ThreadPoolTest_PushTasks_TestD2Ev
FNDA:3,_ZN14ThreadPoolTest8TearDownEv
FNDA:3,_ZN14ThreadPoolTest7DestroyEb
FNDA:1,_ZN35ThreadPoolTest_HeavyProcessing_TestC2Ev
FNDA:1,_ZZN24ThreadPoolTest_Push_Test8TestBodyEvENKUlPvE_clES0_
FNDA:1,_ZN24ThreadPoolTest_Push_TestD0Ev
FNDA:1,_ZN35ThreadPoolTest_HeavyProcessing_TestD0Ev
FNDA:1,_ZZN35ThreadPoolTest_HeavyProcessing_Test8TestBodyEvENKUlPvE0_clES0_
FNDA:1,_ZN35ThreadPoolTest_HeavyProcessing_TestD2Ev
FNDA:1,_ZN29ThreadPoolTest_PushTasks_TestC2Ev
FNDA:1,_ZZN29ThreadPoolTest_PushTasks_Test8TestBodyEvENKUlPvE_clES0_
FNDA:3,_ZN14ThreadPoolTest5SetUpEv
FNDA:1,_ZZN29ThreadPoolTest_PushTasks_Test8TestBodyEvENKUlPvE0_clES0_
FNDA:1,_ZN29ThreadPoolTest_PushTasks_TestD0Ev
FNDA:1,_ZZN35ThreadPoolTest_HeavyProcessing_Test8TestBodyEvENKUlPvE_clES0_
FNDA:1,_ZN24ThreadPoolTest_Push_TestC2Ev
FNDA:1,_ZN24ThreadPoolTest_Push_TestD2Ev
FNDA:1,_ZN29ThreadPoolTest_PushTasks_Test8TestBodyEv
FNDA:1,_ZZN35ThreadPoolTest_HeavyProcessing_Test8TestBodyEvENKUlPvE1_clES0_
FNDA:1,_ZN14ThreadPoolTest9PushTasksEPPK16ThreadPoolTask_tm
FNDA:1,_ZN35ThreadPoolTest_HeavyProcessing_Test8TestBodyEv
FNDA:1,_ZN24ThreadPoolTest_Push_Test8TestBodyEv
FNDA:4,_ZN14ThreadPoolTest4PushEPK16ThreadPoolTask_t
FNF:24
FNH:24
DA:14,3
DA:15,3
DA:16,3
DA:17,3
DA:18,3
DA:19,0
DA:20,3
DA:21,4
DA:22,4
DA:24,1
DA:25,1
DA:27,3
DA:28,3
DA:29,3
DA:30,3
DA:33,4
DA:35,1
DA:38,2
DA:39,1
DA:40,1
DA:41,2
DA:42,1
DA:43,1
DA:45,1
DA:47,1
DA:48,1
DA:49,1
DA:51,4
DA:56,2
DA:57,1
DA:58,2
DA:59,2
DA:60,1
DA:61,2
DA:62,2
DA:63,1
DA:64,2
DA:65,1
DA:66,1
DA:67,1
DA:69,1
DA:70,1
DA:71,1
DA:74,4
DA:79,2
DA:80,1
DA:81,1
DA:82,2
DA:83,2
DA:84,1
DA:85,1
DA:86,2
DA:87,2
DA:88,1
DA:89,1
DA:90,2
DA:92,1
DA:93,1
DA:94,1
DA:95,1
DA:96,1
DA:97,1
DA:98,1
DA:99,1
LF:64
LH:63
end_of_record
