TN:
SF:/home/atohs/C/CUtils/lib/Csv/content/CsvContent.c
FN:10,CsvContent_Init
FN:15,CsvContent_MoveBackLine
FN:19,CsvContent_Destroy
FN:24,CsvContent_Print
FN:29,CsvContent_Equals
FNDA:0,CsvContent_Print
FNDA:12,CsvContent_Init
FNDA:18,CsvContent_MoveBackLine
FNDA:0,CsvContent_Equals
FNDA:12,CsvContent_Destroy
FNF:5
FNH:3
DA:10,12
DA:11,12
DA:12,12
DA:13,12
DA:15,18
DA:16,18
DA:17,18
DA:19,12
DA:20,12
DA:21,12
DA:22,12
DA:24,0
DA:25,0
DA:26,0
DA:27,0
DA:29,0
DA:30,0
LF:17
LH:11
end_of_record
TN:
SF:/home/atohs/C/CUtils/lib/Csv/content/item/CsvItem.c
FN:9,CsvItem_Init
FN:13,CsvItem_Set
FN:17,CsvItem_MoveOwner
FN:22,CsvItem_Destroy
FN:26,CsvItem_Print
FN:30,CsvItem_Equals
FNDA:57,CsvItem_Set
FNDA:57,CsvItem_MoveOwner
FNDA:12,CsvItem_Init
FNDA:57,CsvItem_Destroy
FNDA:0,CsvItem_Print
FNDA:0,CsvItem_Equals
FNF:6
FNH:4
DA:9,12
DA:10,12
DA:11,12
DA:13,57
DA:14,57
DA:15,57
DA:17,57
DA:18,57
DA:19,57
DA:20,57
DA:22,57
DA:23,57
DA:24,57
DA:26,0
DA:27,0
DA:28,0
DA:30,0
DA:31,0
LF:18
LH:13
end_of_record
TN:
SF:/home/atohs/C/CUtils/lib/Csv/content/item/CsvItemCollection.c
FN:11,NeedResize
FN:15,CsvItemCollection_Init
FN:22,CsvItemCollection_Resize
FN:27,CsvItemCollection_MoveOwner
FN:32,CsvItemCollection_MoveAndAdd
FN:39,CsvItemCollection_Destroy
FN:47,CsvItemCollection_Clear
FN:51,CsvItemCollection_Print
FN:59,CsvItemCollection_Equals
FNDA:0,CsvItemCollection_Clear
FNDA:0,CsvItemCollection_Print
FNDA:27,CsvItemCollection_Init
FNDA:57,NeedResize
FNDA:57,CsvItemCollection_MoveAndAdd
FNDA:27,CsvItemCollection_Destroy
FNDA:0,CsvItemCollection_Equals
FNDA:0,CsvItemCollection_MoveOwner
FNDA:0,CsvItemCollection_Resize
FNF:9
FNH:4
DA:11,57
DA:12,57
DA:15,27
DA:16,27
DA:17,27
DA:18,27
DA:19,27
DA:20,27
DA:22,0
DA:23,0
DA:24,0
DA:25,0
DA:27,0
DA:28,0
DA:29,0
DA:30,0
DA:32,57
DA:33,57
DA:34,0
DA:36,57
DA:37,57
DA:39,27
DA:40,84
DA:41,57
DA:42,57
DA:44,27
DA:45,27
DA:47,0
DA:48,0
DA:49,0
DA:51,0
DA:52,0
DA:53,0
DA:54,0
DA:55,0
DA:57,0
DA:59,0
DA:60,0
DA:61,0
DA:64,0
DA:65,0
DA:66,0
DA:67,0
DA:68,0
DA:71,0
LF:45
LH:18
end_of_record
TN:
SF:/home/atohs/C/CUtils/lib/Csv/content/line/CsvLine.c
FN:9,CsvLine_Init
FN:14,CsvLine_MoveOwner
FN:19,CsvLine_MoveBackItem
FN:23,CsvLine_Destroy
FN:28,CsvLine_Print
FN:32,CsvLine_Equals
FNDA:27,CsvLine_Destroy
FNDA:27,CsvLine_Init
FNDA:0,CsvLine_Print
FNDA:0,CsvLine_Equals
FNDA:27,CsvLine_MoveOwner
FNDA:57,CsvLine_MoveBackItem
FNF:6
FNH:4
DA:9,27
DA:10,27
DA:11,27
DA:12,27
DA:14,27
DA:15,27
DA:16,27
DA:17,27
DA:19,57
DA:20,57
DA:21,57
DA:23,27
DA:24,27
DA:25,27
DA:26,27
DA:28,0
DA:29,0
DA:30,0
DA:32,0
DA:33,0
LF:20
LH:15
end_of_record
TN:
SF:/home/atohs/C/CUtils/lib/Csv/content/line/CsvLineCollection.c
FN:10,NeedResize
FN:13,CsvLineCollection_Init
FN:19,CsvLineCollection_Resize
FN:24,CsvLineCollection_MoveAndAdd
FN:31,CsvLineCollection_Destroy
FN:39,CsvLineCollection_Print
FN:47,CsvLineCollection_Equals
FNDA:27,NeedResize
FNDA:27,CsvLineCollection_MoveAndAdd
FNDA:0,CsvLineCollection_Print
FNDA:18,CsvLineCollection_Init
FNDA:18,CsvLineCollection_Destroy
FNDA:0,CsvLineCollection_Equals
FNDA:0,CsvLineCollection_Resize
FNF:7
FNH:4
DA:10,27
DA:11,27
DA:13,18
DA:14,18
DA:15,18
DA:16,18
DA:17,18
DA:19,0
DA:20,0
DA:21,0
DA:22,0
DA:24,27
DA:25,27
DA:26,0
DA:28,27
DA:29,27
DA:31,18
DA:32,45
DA:33,27
DA:34,27
DA:36,18
DA:37,18
DA:39,0
DA:40,0
DA:41,0
DA:42,0
DA:43,0
DA:45,0
DA:47,0
DA:48,0
DA:49,0
DA:51,0
DA:52,0
DA:53,0
DA:54,0
DA:55,0
DA:58,0
LF:37
LH:17
end_of_record
TN:
SF:/home/atohs/C/CUtils/lib/Csv/parser/CsvParser.c
FN:24,IsEof
FN:27,IsComma
FN:30,IsCr
FN:33,IsLf
FN:36,IsCrLf
FN:40,Terminate
FN:44,IsExtraChars
FN:48,IsAscii
FN:52,IsNotSupportedCharCode
FN:61,FillEof
FN:72,Parse
FN:114,load_file
FN:132,CsvParser_Init
FN:140,CsvParser_LoadFromFile
FN:148,CsvParser_LoadFromData
FN:161,CsvParser_GetContent
FN:166,CsvParser_Destroy
FNDA:12,CsvParser_Destroy
FNDA:8,CsvParser_GetContent
FNDA:2,CsvParser_LoadFromFile
FNDA:2,load_file
FNDA:238,IsComma
FNDA:10,FillEof
FNDA:12,CsvParser_Init
FNDA:10,CsvParser_LoadFromData
FNDA:10,IsNotSupportedCharCode
FNDA:10,Parse
FNDA:12,IsExtraChars
FNDA:40,Terminate
FNDA:228,IsLf
FNDA:230,IsCr
FNDA:218,IsCrLf
FNDA:258,IsEof
FNDA:250,IsAscii
FNF:17
FNH:17
DA:24,258
DA:25,258
DA:27,238
DA:28,238
DA:30,230
DA:31,230
DA:33,228
DA:34,228
DA:36,218
DA:37,218
DA:40,40
DA:41,40
DA:42,40
DA:44,12
DA:45,12
DA:48,250
DA:49,250
DA:52,10
DA:53,258
DA:54,250
DA:55,2
DA:58,8
DA:61,10
DA:63,10
DA:64,12
DA:65,12
DA:66,10
DA:68,2
DA:72,10
DA:73,10
DA:74,2
DA:78,8
DA:79,8
DA:80,8
DA:82,246
DA:83,246
DA:84,8
DA:85,8
DA:86,8
DA:87,8
DA:89,238
DA:90,238
DA:91,20
DA:92,20
DA:93,20
DA:94,218
DA:95,2
DA:96,2
DA:97,2
DA:98,2
DA:99,2
DA:100,2
DA:101,216
DA:102,8
DA:103,8
DA:104,8
DA:105,8
DA:106,8
DA:111,8
DA:114,2
DA:115,2
DA:116,2
DA:117,0
DA:119,2
DA:120,2
DA:121,2
DA:122,2
DA:123,0
DA:124,0
DA:125,0
DA:127,2
DA:128,2
DA:129,2
DA:132,12
DA:133,12
DA:135,12
DA:136,12
DA:137,12
DA:140,2
DA:141,2
DA:142,2
DA:143,0
DA:145,2
DA:148,10
DA:149,10
DA:150,10
DA:151,2
DA:153,8
DA:154,8
DA:155,8
DA:156,8
DA:157,8
DA:158,8
DA:161,8
DA:162,8
DA:163,8
DA:166,12
DA:167,12
DA:169,12
DA:170,12
DA:171,12
DA:172,12
LF:102
LH:97
end_of_record
TN:
SF:/home/atohs/C/CUtils/tests/Csv/CsvParserTest.h
FN:13,_ZN13CsvParserTest5SetUpEv
FN:17,_ZN13CsvParserTest8TearDownEv
FN:20,_ZN13CsvParserTest13AssertContentEP10CsvContent
FN:36,_ZN28CsvParserTest_Scenario1_Test8TestBodyEv
FN:36,_ZN28CsvParserTest_Scenario1_TestD0Ev
FN:36,_ZN28CsvParserTest_Scenario1_TestD2Ev
FN:36,_ZN28CsvParserTest_Scenario1_TestC2Ev
FN:54,_ZN28CsvParserTest_Scenario2_TestC2Ev
FN:54,_ZN28CsvParserTest_Scenario2_TestD2Ev
FN:54,_ZN28CsvParserTest_Scenario2_Test8TestBodyEv
FN:54,_ZN28CsvParserTest_Scenario2_TestD0Ev
FN:71,_ZN28CsvParserTest_Scenario3_TestD2Ev
FN:71,_ZN28CsvParserTest_Scenario3_TestD0Ev
FN:71,_ZN28CsvParserTest_Scenario3_TestC2Ev
FN:71,_ZN28CsvParserTest_Scenario3_Test8TestBodyEv
FN:88,_ZN28CsvParserTest_Scenario4_TestD0Ev
FN:88,_ZN28CsvParserTest_Scenario4_TestD2Ev
FN:88,_ZN28CsvParserTest_Scenario4_TestC2Ev
FN:88,_ZN28CsvParserTest_Scenario4_Test8TestBodyEv
FN:100,_ZN28CsvParserTest_Scenario5_TestC2Ev
FN:100,_ZN28CsvParserTest_Scenario5_TestD0Ev
FN:100,_ZN28CsvParserTest_Scenario5_Test8TestBodyEv
FN:100,_ZN28CsvParserTest_Scenario5_TestD2Ev
FN:121,_ZN28CsvParserTest_Scenario6_TestC2Ev
FN:121,_ZN28CsvParserTest_Scenario6_TestD0Ev
FN:121,_ZN28CsvParserTest_Scenario6_TestD2Ev
FN:121,_ZN28CsvParserTest_Scenario6_Test8TestBodyEv
FNDA:2,_ZN28CsvParserTest_Scenario6_TestD2Ev
FNDA:2,_ZN28CsvParserTest_Scenario5_TestD0Ev
FNDA:12,_ZN13CsvParserTest5SetUpEv
FNDA:2,_ZN28CsvParserTest_Scenario4_TestD0Ev
FNDA:2,_ZN28CsvParserTest_Scenario6_TestD0Ev
FNDA:12,_ZN13CsvParserTest8TearDownEv
FNDA:2,_ZN28CsvParserTest_Scenario1_TestD2Ev
FNDA:8,_ZN13CsvParserTest13AssertContentEP10CsvContent
FNDA:2,_ZN28CsvParserTest_Scenario1_Test8TestBodyEv
FNDA:2,_ZN28CsvParserTest_Scenario6_TestC2Ev
FNDA:2,_ZN28CsvParserTest_Scenario1_TestD0Ev
FNDA:2,_ZN28CsvParserTest_Scenario5_TestC2Ev
FNDA:2,_ZN28CsvParserTest_Scenario5_TestD2Ev
FNDA:2,_ZN28CsvParserTest_Scenario2_TestD0Ev
FNDA:2,_ZN28CsvParserTest_Scenario4_Test8TestBodyEv
FNDA:2,_ZN28CsvParserTest_Scenario2_Test8TestBodyEv
FNDA:2,_ZN28CsvParserTest_Scenario3_Test8TestBodyEv
FNDA:2,_ZN28CsvParserTest_Scenario3_TestC2Ev
FNDA:2,_ZN28CsvParserTest_Scenario2_TestD2Ev
FNDA:2,_ZN28CsvParserTest_Scenario5_Test8TestBodyEv
FNDA:2,_ZN28CsvParserTest_Scenario4_TestC2Ev
FNDA:2,_ZN28CsvParserTest_Scenario6_Test8TestBodyEv
FNDA:2,_ZN28CsvParserTest_Scenario3_TestD0Ev
FNDA:2,_ZN28CsvParserTest_Scenario2_TestC2Ev
FNDA:2,_ZN28CsvParserTest_Scenario1_TestC2Ev
FNDA:2,_ZN28CsvParserTest_Scenario4_TestD2Ev
FNDA:2,_ZN28CsvParserTest_Scenario3_TestD2Ev
FNF:27
FNH:27
DA:13,12
DA:14,12
DA:15,12
DA:17,12
DA:18,12
DA:19,12
DA:20,8
DA:21,8
DA:22,8
DA:23,26
DA:24,18
DA:25,18
DA:26,18
DA:27,56
DA:28,38
DA:29,38
DA:30,38
DA:36,8
DA:40,2
DA:41,2
DA:42,2
DA:44,4
DA:45,4
DA:46,2
DA:47,2
DA:49,2
DA:51,2
DA:52,2
DA:54,8
DA:58,2
DA:59,2
DA:60,2
DA:62,4
DA:63,4
DA:64,2
DA:65,2
DA:67,2
DA:68,2
DA:69,2
DA:71,8
DA:75,2
DA:76,2
DA:77,2
DA:79,4
DA:80,4
DA:81,2
DA:82,2
DA:84,2
DA:85,2
DA:86,2
DA:88,8
DA:89,2
DA:90,2
DA:92,4
DA:93,2
DA:94,2
DA:96,2
DA:98,2
DA:100,8
DA:108,2
DA:109,2
DA:110,2
DA:112,4
DA:113,4
DA:114,4
DA:115,2
DA:116,2
DA:117,2
DA:118,2
DA:119,2
DA:121,8
DA:125,2
DA:126,2
DA:127,2
LF:74
LH:74
end_of_record
